<?xml version="1.0" encoding="UTF-8"?>
<testng-results ignored="0" total="1" passed="1" failed="0" skipped="0">
  <reporter-output>
  </reporter-output>
  <suite started-at="2022-03-14T16:18:37 IST" name="Default suite" finished-at="2022-03-14T16:18:37 IST" duration-ms="75">
    <groups>
    </groups>
    <test started-at="2022-03-14T16:18:37 IST" name="Default test" finished-at="2022-03-14T16:18:37 IST" duration-ms="75">
      <class name="mavenparameters.mavenparaTest">
        <test-method signature="ReadData()[pri:0, instance:mavenparameters.mavenparaTest@59af0466]" started-at="2022-03-14T16:18:37 IST" name="ReadData" finished-at="2022-03-14T16:18:37 IST" duration-ms="13" status="PASS">
          <reporter-output>
          </reporter-output>
        </test-method> <!-- ReadData -->
      </class> <!-- mavenparameters.mavenparaTest -->
    </test> <!-- Default test -->
  </suite> <!-- Default suite -->
</testng-results>
